androidApp/build/intermediates/manifest_merge_blame_file/debug/processDebugMainManifest/manifest-merger-blame-debug-report.txt
1<?xml version="1.0" encoding="utf-8"?>
2<manifest xmlns:android="http://schemas.android.com/apk/res/android"
3    package="com.conservatio.android"
4    android:versionCode="1"
5    android:versionName="0.1.0" >
6
7    <uses-sdk
8        android:minSdkVersion="26"
9        android:targetSdkVersion="35" />
10
11    <uses-permission android:name="android.permission.INTERNET" />
11-->src/main/AndroidManifest.xml:4:5-67
11-->src/main/AndroidManifest.xml:4:22-64
12    <uses-permission android:name="android.permission.CAMERA" />
12-->src/main/AndroidManifest.xml:5:5-65
12-->src/main/AndroidManifest.xml:5:22-62
13    <uses-permission android:name="android.permission.READ_EXTERNAL_STORAGE" />
13-->src/main/AndroidManifest.xml:6:5-80
13-->src/main/AndroidManifest.xml:6:22-77
14    <uses-permission android:name="android.permission.WRITE_EXTERNAL_STORAGE" />
14-->src/main/AndroidManifest.xml:7:5-81
14-->src/main/AndroidManifest.xml:7:22-78
15
16    <uses-feature
16-->src/main/AndroidManifest.xml:9:5-85
17        android:name="android.hardware.camera"
17-->src/main/AndroidManifest.xml:9:19-57
18        android:required="false" />
18-->src/main/AndroidManifest.xml:9:58-82
19
20    <permission
20-->[androidx.core:core:1.15.0] AndroidManifest.xml:22:5-24:47
21        android:name="com.conservatio.android.DYNAMIC_RECEIVER_NOT_EXPORTED_PERMISSION"
21-->[androidx.core:core:1.15.0] AndroidManifest.xml:23:9-81
22        android:protectionLevel="signature" />
22-->[androidx.core:core:1.15.0] AndroidManifest.xml:24:9-44
23
24    <uses-permission android:name="com.conservatio.android.DYNAMIC_RECEIVER_NOT_EXPORTED_PERMISSION" />
24-->[androidx.core:core:1.15.0] AndroidManifest.xml:26:5-97
24-->[androidx.core:core:1.15.0] AndroidManifest.xml:26:22-94
25
26    <application
26-->src/main/AndroidManifest.xml:11:5-37:19
27        android:name="com.conservatio.android.ConservatioApp"
27-->src/main/AndroidManifest.xml:12:9-39
28        android:allowBackup="true"
28-->src/main/AndroidManifest.xml:13:9-35
29        android:appComponentFactory="androidx.core.app.CoreComponentFactory"
29-->[androidx.core:core:1.15.0] AndroidManifest.xml:28:18-86
30        android:debuggable="true"
31        android:extractNativeLibs="false"
32        android:icon="@mipmap/ic_launcher"
32-->src/main/AndroidManifest.xml:14:9-43
33        android:label="Conservatio"
33-->src/main/AndroidManifest.xml:15:9-36
34        android:roundIcon="@mipmap/ic_launcher_round"
34-->src/main/AndroidManifest.xml:16:9-54
35        android:supportsRtl="true"
35-->src/main/AndroidManifest.xml:17:9-35
36        android:theme="@style/Theme.Conservatio" >
36-->src/main/AndroidManifest.xml:18:9-49
37        <activity
37-->src/main/AndroidManifest.xml:19:9-36:20
38            android:name="com.conservatio.android.MainActivity"
38-->src/main/AndroidManifest.xml:20:13-41
39            android:exported="true"
39-->src/main/AndroidManifest.xml:21:13-36
40            android:launchMode="singleTask"
40-->src/main/AndroidManifest.xml:22:13-44
41            android:windowSoftInputMode="adjustResize" >
41-->src/main/AndroidManifest.xml:23:13-55
42            <intent-filter>
42-->src/main/AndroidManifest.xml:24:13-27:29
43                <action android:name="android.intent.action.MAIN" />
43-->src/main/AndroidManifest.xml:25:17-69
43-->src/main/AndroidManifest.xml:25:25-66
44
45                <category android:name="android.intent.category.LAUNCHER" />
45-->src/main/AndroidManifest.xml:26:17-77
45-->src/main/AndroidManifest.xml:26:27-74
46            </intent-filter>
47            <!--
48                 Custom URL scheme that catches the OAuth redirect after the
49                 Custom Tabs flow with Google / Apple / GitHub.
50            -->
51            <intent-filter android:autoVerify="false" >
51-->src/main/AndroidManifest.xml:30:13-35:29
51-->src/main/AndroidManifest.xml:30:28-54
52                <action android:name="android.intent.action.VIEW" />
52-->src/main/AndroidManifest.xml:31:17-69
52-->src/main/AndroidManifest.xml:31:25-66
53
54                <category android:name="android.intent.category.DEFAULT" />
54-->src/main/AndroidManifest.xml:32:17-76
54-->src/main/AndroidManifest.xml:32:27-73
55                <category android:name="android.intent.category.BROWSABLE" />
55-->src/main/AndroidManifest.xml:33:17-78
55-->src/main/AndroidManifest.xml:33:27-75
56
57                <data
57-->src/main/AndroidManifest.xml:34:17-84
58                    android:host="oauth-callback"
58-->src/main/AndroidManifest.xml:34:52-81
59                    android:scheme="conservatio" />
59-->src/main/AndroidManifest.xml:34:23-51
60            </intent-filter>
61        </activity>
62        <activity
62-->[androidx.compose.ui:ui-tooling-android:1.7.5] AndroidManifest.xml:23:9-25:39
63            android:name="androidx.compose.ui.tooling.PreviewActivity"
63-->[androidx.compose.ui:ui-tooling-android:1.7.5] AndroidManifest.xml:24:13-71
64            android:exported="true" />
64-->[androidx.compose.ui:ui-tooling-android:1.7.5] AndroidManifest.xml:25:13-36
65
66        <provider
66-->[androidx.emoji2:emoji2:1.3.0] AndroidManifest.xml:24:9-32:20
67            android:name="androidx.startup.InitializationProvider"
67-->[androidx.emoji2:emoji2:1.3.0] AndroidManifest.xml:25:13-67
68            android:authorities="com.conservatio.android.androidx-startup"
68-->[androidx.emoji2:emoji2:1.3.0] AndroidManifest.xml:26:13-68
69            android:exported="false" >
69-->[androidx.emoji2:emoji2:1.3.0] AndroidManifest.xml:27:13-37
70            <meta-data
70-->[androidx.emoji2:emoji2:1.3.0] AndroidManifest.xml:29:13-31:52
71                android:name="androidx.emoji2.text.EmojiCompatInitializer"
71-->[androidx.emoji2:emoji2:1.3.0] AndroidManifest.xml:30:17-75
72                android:value="androidx.startup" />
72-->[androidx.emoji2:emoji2:1.3.0] AndroidManifest.xml:31:17-49
73            <meta-data
73-->[androidx.lifecycle:lifecycle-process:2.8.7] AndroidManifest.xml:29:13-31:52
74                android:name="androidx.lifecycle.ProcessLifecycleInitializer"
74-->[androidx.lifecycle:lifecycle-process:2.8.7] AndroidManifest.xml:30:17-78
75                android:value="androidx.startup" />
75-->[androidx.lifecycle:lifecycle-process:2.8.7] AndroidManifest.xml:31:17-49
76            <meta-data
76-->[androidx.profileinstaller:profileinstaller:1.3.1] AndroidManifest.xml:29:13-31:52
77                android:name="androidx.profileinstaller.ProfileInstallerInitializer"
77-->[androidx.profileinstaller:profileinstaller:1.3.1] AndroidManifest.xml:30:17-85
78                android:value="androidx.startup" />
78-->[androidx.profileinstaller:profileinstaller:1.3.1] AndroidManifest.xml:31:17-49
79        </provider>
80
81        <receiver
81-->[androidx.profileinstaller:profileinstaller:1.3.1] AndroidManifest.xml:34:9-52:20
82            android:name="androidx.profileinstaller.ProfileInstallReceiver"
82-->[androidx.profileinstaller:profileinstaller:1.3.1] AndroidManifest.xml:35:13-76
83            android:directBootAware="false"
83-->[androidx.profileinstaller:profileinstaller:1.3.1] AndroidManifest.xml:36:13-44
84            android:enabled="true"
84-->[androidx.profileinstaller:profileinstaller:1.3.1] AndroidManifest.xml:37:13-35
85            android:exported="true"
85-->[androidx.profileinstaller:profileinstaller:1.3.1] AndroidManifest.xml:38:13-36
86            android:permission="android.permission.DUMP" >
86-->[androidx.profileinstaller:profileinstaller:1.3.1] AndroidManifest.xml:39:13-57
87            <intent-filter>
87-->[androidx.profileinstaller:profileinstaller:1.3.1] AndroidManifest.xml:40:13-42:29
88                <action android:name="androidx.profileinstaller.action.INSTALL_PROFILE" />
88-->[androidx.profileinstaller:profileinstaller:1.3.1] AndroidManifest.xml:41:17-91
88-->[androidx.profileinstaller:profileinstaller:1.3.1] AndroidManifest.xml:41:25-88
89            </intent-filter>
90            <intent-filter>
90-->[androidx.profileinstaller:profileinstaller:1.3.1] AndroidManifest.xml:43:13-45:29
91                <action android:name="androidx.profileinstaller.action.SKIP_FILE" />
91-->[androidx.profileinstaller:profileinstaller:1.3.1] AndroidManifest.xml:44:17-85
91-->[androidx.profileinstaller:profileinstaller:1.3.1] AndroidManifest.xml:44:25-82
92            </intent-filter>
93            <intent-filter>
93-->[androidx.profileinstaller:profileinstaller:1.3.1] AndroidManifest.xml:46:13-48:29
94                <action android:name="androidx.profileinstaller.action.SAVE_PROFILE" />
94-->[androidx.profileinstaller:profileinstaller:1.3.1] AndroidManifest.xml:47:17-88
94-->[androidx.profileinstaller:profileinstaller:1.3.1] AndroidManifest.xml:47:25-85
95            </intent-filter>
96            <intent-filter>
96-->[androidx.profileinstaller:profileinstaller:1.3.1] AndroidManifest.xml:49:13-51:29
97                <action android:name="androidx.profileinstaller.action.BENCHMARK_OPERATION" />
97-->[androidx.profileinstaller:profileinstaller:1.3.1] AndroidManifest.xml:50:17-95
97-->[androidx.profileinstaller:profileinstaller:1.3.1] AndroidManifest.xml:50:25-92
98            </intent-filter>
99        </receiver>
100    </application>
101
102</manifest>